c:\users\overai\source\repos\weakclassifier\weakclassifier\x64\debug\weakclassifier.pch
c:\users\overai\source\repos\weakclassifier\weakclassifier\x64\debug\vc141.pdb
c:\users\overai\source\repos\weakclassifier\weakclassifier\x64\debug\vc141.idb
c:\users\overai\source\repos\weakclassifier\weakclassifier\x64\debug\pch.obj
c:\users\overai\source\repos\weakclassifier\weakclassifier\x64\debug\write.obj
c:\users\overai\source\repos\weakclassifier\weakclassifier\x64\debug\main.obj
c:\users\overai\source\repos\weakclassifier\weakclassifier\x64\debug\integralimg.obj
c:\users\overai\source\repos\weakclassifier\weakclassifier\x64\debug\haar_calculate.obj
c:\users\overai\source\repos\weakclassifier\weakclassifier\x64\debug\explain_txt.obj
c:\users\overai\source\repos\weakclassifier\weakclassifier\x64\debug\classifier_threshold_select.obj
c:\users\overai\source\repos\weakclassifier\weakclassifier\x64\debug\class.obj
c:\users\overai\source\repos\weakclassifier\weakclassifier\x64\debug\weakclassifier.res
c:\users\overai\source\repos\weakclassifier\x64\debug\weakclassifier.pdb
c:\users\overai\source\repos\weakclassifier\x64\debug\weakclassifier.exe
c:\users\overai\source\repos\weakclassifier\weakclassifier\x64\debug\weakclassifier.tlog\cl.command.1.tlog
c:\users\overai\source\repos\weakclassifier\weakclassifier\x64\debug\weakclassifier.tlog\cl.read.1.tlog
c:\users\overai\source\repos\weakclassifier\weakclassifier\x64\debug\weakclassifier.tlog\cl.write.1.tlog
c:\users\overai\source\repos\weakclassifier\weakclassifier\x64\debug\weakclassifier.tlog\link.command.1.tlog
c:\users\overai\source\repos\weakclassifier\weakclassifier\x64\debug\weakclassifier.tlog\link.read.1.tlog
c:\users\overai\source\repos\weakclassifier\weakclassifier\x64\debug\weakclassifier.tlog\link.write.1.tlog
c:\users\overai\source\repos\weakclassifier\weakclassifier\x64\debug\weakclassifier.tlog\rc.command.1.tlog
c:\users\overai\source\repos\weakclassifier\weakclassifier\x64\debug\weakclassifier.tlog\rc.read.1.tlog
c:\users\overai\source\repos\weakclassifier\weakclassifier\x64\debug\weakclassifier.tlog\rc.write.1.tlog
